# JRE version: OpenJDK Runtime Environment (8.0_212-b03) (build 1.8.0_212-8u212-b03-0ubuntu1.18.04.1-b03)
# Java VM: OpenJDK 64-Bit Server VM (25.212-b03 mixed mode linux-amd64 compressed oops)
Heap:
 PSYoungGen      total 191488K, used 8309K [0x00000000ec100000, 0x00000000fa100000, 0x0000000100000000)
  eden space 181760K, 0% used [0x00000000ec100000,0x00000000ec100000,0x00000000f7280000)
  from space 9728K, 85% used [0x00000000f7280000,0x00000000f7a9d5d8,0x00000000f7c00000)
  to   space 9216K, 0% used [0x00000000f7c00000,0x00000000f7c00000,0x00000000f8500000)
 ParOldGen       total 41472K, used 14364K [0x00000000c4200000, 0x00000000c6a80000, 0x00000000ec100000)
  object space 41472K, 34% used [0x00000000c4200000,0x00000000c5007170,0x00000000c6a80000)
 Metaspace       used 37049K, capacity 38574K, committed 38616K, reserved 1083392K
  class space    used 4575K, capacity 4863K, committed 4864K, reserved 1048576K
GC Heap History (10 events):
Event: 6.746 GC heap after
Heap after GC invocations=12 (full 1):
 PSYoungGen      total 102912K, used 4597K [0x00000000ec100000, 0x00000000f5480000, 0x0000000100000000)
  eden space 98304K, 0% used [0x00000000ec100000,0x00000000ec100000,0x00000000f2100000)
  from space 4608K, 99% used [0x00000000f2100000,0x00000000f257d528,0x00000000f2580000)
  to   space 6656K, 0% used [0x00000000f4e00000,0x00000000f4e00000,0x00000000f5480000)
 ParOldGen       total 28672K, used 10706K [0x00000000c4200000, 0x00000000c5e00000, 0x00000000ec100000)
  object space 28672K, 37% used [0x00000000c4200000,0x00000000c4c74a50,0x00000000c5e00000)
 Metaspace       used 25540K, capacity 26188K, committed 26496K, reserved 1073152K
  class space    used 3180K, capacity 3350K, committed 3456K, reserved 1048576K
}
Event: 11.105 GC heap before
{Heap before GC invocations=13 (full 1):
 PSYoungGen      total 102912K, used 102901K [0x00000000ec100000, 0x00000000f5480000, 0x0000000100000000)
  eden space 98304K, 100% used [0x00000000ec100000,0x00000000f2100000,0x00000000f2100000)
  from space 4608K, 99% used [0x00000000f2100000,0x00000000f257d528,0x00000000f2580000)
  to   space 6656K, 0% used [0x00000000f4e00000,0x00000000f4e00000,0x00000000f5480000)
 ParOldGen       total 28672K, used 10706K [0x00000000c4200000, 0x00000000c5e00000, 0x00000000ec100000)
  object space 28672K, 37% used [0x00000000c4200000,0x00000000c4c74a50,0x00000000c5e00000)
 Metaspace       used 29781K, capacity 30642K, committed 30848K, reserved 1077248K
  class space    used 3668K, capacity 3863K, committed 3968K, reserved 1048576K
Event: 11.127 GC heap after
Heap after GC invocations=13 (full 1):
 PSYoungGen      total 141312K, used 6648K [0x00000000ec100000, 0x00000000f5580000, 0x0000000100000000)
  eden space 134656K, 0% used [0x00000000ec100000,0x00000000ec100000,0x00000000f4480000)
  from space 6656K, 99% used [0x00000000f4e00000,0x00000000f547e1d8,0x00000000f5480000)
  to   space 8704K, 0% used [0x00000000f4480000,0x00000000f4480000,0x00000000f4d00000)
 ParOldGen       total 28672K, used 13687K [0x00000000c4200000, 0x00000000c5e00000, 0x00000000ec100000)
  object space 28672K, 47% used [0x00000000c4200000,0x00000000c4f5dde0,0x00000000c5e00000)
 Metaspace       used 29781K, capacity 30642K, committed 30848K, reserved 1077248K
  class space    used 3668K, capacity 3863K, committed 3968K, reserved 1048576K
}
Event: 13.874 GC heap before
{Heap before GC invocations=14 (full 1):
 PSYoungGen      total 141312K, used 141304K [0x00000000ec100000, 0x00000000f5580000, 0x0000000100000000)
  eden space 134656K, 100% used [0x00000000ec100000,0x00000000f4480000,0x00000000f4480000)
  from space 6656K, 99% used [0x00000000f4e00000,0x00000000f547e1d8,0x00000000f5480000)
  to   space 8704K, 0% used [0x00000000f4480000,0x00000000f4480000,0x00000000f4d00000)
 ParOldGen       total 28672K, used 13687K [0x00000000c4200000, 0x00000000c5e00000, 0x00000000ec100000)
  object space 28672K, 47% used [0x00000000c4200000,0x00000000c4f5dde0,0x00000000c5e00000)
 Metaspace       used 33997K, capacity 35300K, committed 35416K, reserved 1081344K
  class space    used 4171K, capacity 4448K, committed 4480K, reserved 1048576K
Event: 13.914 GC heap after
Heap after GC invocations=14 (full 1):
 PSYoungGen      total 143360K, used 7048K [0x00000000ec100000, 0x00000000f8500000, 0x0000000100000000)
  eden space 134656K, 0% used [0x00000000ec100000,0x00000000ec100000,0x00000000f4480000)
  from space 8704K, 80% used [0x00000000f4480000,0x00000000f4b62180,0x00000000f4d00000)
  to   space 9216K, 0% used [0x00000000f7c00000,0x00000000f7c00000,0x00000000f8500000)
 ParOldGen       total 28672K, used 16975K [0x00000000c4200000, 0x00000000c5e00000, 0x00000000ec100000)
  object space 28672K, 59% used [0x00000000c4200000,0x00000000c5293de0,0x00000000c5e00000)
 Metaspace       used 33997K, capacity 35300K, committed 35416K, reserved 1081344K
  class space    used 4171K, capacity 4448K, committed 4480K, reserved 1048576K
}
Event: 13.922 GC heap before
{Heap before GC invocations=15 (full 1):
 PSYoungGen      total 143360K, used 9279K [0x00000000ec100000, 0x00000000f8500000, 0x0000000100000000)
  eden space 134656K, 1% used [0x00000000ec100000,0x00000000ec32dbb8,0x00000000f4480000)
  from space 8704K, 80% used [0x00000000f4480000,0x00000000f4b62180,0x00000000f4d00000)
  to   space 9216K, 0% used [0x00000000f7c00000,0x00000000f7c00000,0x00000000f8500000)
 ParOldGen       total 28672K, used 16975K [0x00000000c4200000, 0x00000000c5e00000, 0x00000000ec100000)
  object space 28672K, 59% used [0x00000000c4200000,0x00000000c5293de0,0x00000000c5e00000)
 Metaspace       used 34007K, capacity 35300K, committed 35416K, reserved 1081344K
  class space    used 4172K, capacity 4448K, committed 4480K, reserved 1048576K
Event: 13.934 GC heap after
Heap after GC invocations=15 (full 1):
 PSYoungGen      total 190976K, used 128K [0x00000000ec100000, 0x00000000fa100000, 0x0000000100000000)
  eden space 181760K, 0% used [0x00000000ec100000,0x00000000ec100000,0x00000000f7280000)
  from space 9216K, 1% used [0x00000000f7c00000,0x00000000f7c20000,0x00000000f8500000)
  to   space 9728K, 0% used [0x00000000f7280000,0x00000000f7280000,0x00000000f7c00000)
 ParOldGen       total 28672K, used 20451K [0x00000000c4200000, 0x00000000c5e00000, 0x00000000ec100000)
  object space 28672K, 71% used [0x00000000c4200000,0x00000000c55f8f10,0x00000000c5e00000)
 Metaspace       used 34007K, capacity 35300K, committed 35416K, reserved 1081344K
  class space    used 4172K, capacity 4448K, committed 4480K, reserved 1048576K
}
Event: 13.934 GC heap before
{Heap before GC invocations=16 (full 2):
 PSYoungGen      total 190976K, used 128K [0x00000000ec100000, 0x00000000fa100000, 0x0000000100000000)
  eden space 181760K, 0% used [0x00000000ec100000,0x00000000ec100000,0x00000000f7280000)
  from space 9216K, 1% used [0x00000000f7c00000,0x00000000f7c20000,0x00000000f8500000)
  to   space 9728K, 0% used [0x00000000f7280000,0x00000000f7280000,0x00000000f7c00000)
 ParOldGen       total 28672K, used 20451K [0x00000000c4200000, 0x00000000c5e00000, 0x00000000ec100000)
  object space 28672K, 71% used [0x00000000c4200000,0x00000000c55f8f10,0x00000000c5e00000)
 Metaspace       used 34007K, capacity 35300K, committed 35416K, reserved 1081344K
  class space    used 4172K, capacity 4448K, committed 4480K, reserved 1048576K
Event: 14.038 GC heap after
Heap after GC invocations=16 (full 2):
 PSYoungGen      total 190976K, used 0K [0x00000000ec100000, 0x00000000fa100000, 0x0000000100000000)
  eden space 181760K, 0% used [0x00000000ec100000,0x00000000ec100000,0x00000000f7280000)
  from space 9216K, 0% used [0x00000000f7c00000,0x00000000f7c00000,0x00000000f8500000)
  to   space 9728K, 0% used [0x00000000f7280000,0x00000000f7280000,0x00000000f7c00000)
 ParOldGen       total 41472K, used 14356K [0x00000000c4200000, 0x00000000c6a80000, 0x00000000ec100000)
  object space 41472K, 34% used [0x00000000c4200000,0x00000000c5005170,0x00000000c6a80000)
 Metaspace       used 34007K, capacity 35300K, committed 35416K, reserved 1081344K
  class space    used 4172K, capacity 4448K, committed 4480K, reserved 1048576K
}
Event: 15.857 GC heap before
{Heap before GC invocations=17 (full 2):
 PSYoungGen      total 190976K, used 181760K [0x00000000ec100000, 0x00000000fa100000, 0x0000000100000000)
  eden space 181760K, 100% used [0x00000000ec100000,0x00000000f7280000,0x00000000f7280000)
  from space 9216K, 0% used [0x00000000f7c00000,0x00000000f7c00000,0x00000000f8500000)
  to   space 9728K, 0% used [0x00000000f7280000,0x00000000f7280000,0x00000000f7c00000)
 ParOldGen       total 41472K, used 14356K [0x00000000c4200000, 0x00000000c6a80000, 0x00000000ec100000)
  object space 41472K, 34% used [0x00000000c4200000,0x00000000c5005170,0x00000000c6a80000)
 Metaspace       used 37049K, capacity 38574K, committed 38616K, reserved 1083392K
  class space    used 4575K, capacity 4863K, committed 4864K, reserved 1048576K

